<?xml version="1.0" encoding="UTF-8"?>
<!-- Generated by org.testng.reporters.JUnitReportReporter -->
<testsuite hostname="DESKTOP-NFH5715" failures="0" tests="2" name="testng2.Paymenttest" time="0.009" errors="0" timestamp="2025-11-03T16:34:39 IST" skipped="0">
  <testcase classname="testng2.Paymenttest" name="Paymentinruppees" time="0.008"/>
  <system-out/>
  <testcase classname="testng2.Paymenttest" name="Paymentindollars" time="0.001"/>
  <system-out/>
</testsuite> <!-- testng2.Paymenttest -->
