<?xml version="1.0" encoding="UTF-8"?>
<!-- Generated by org.testng.reporters.JUnitReportReporter -->
<testsuite hostname="DESKTOP-NFH5715" failures="0" tests="3" name="testng2.Signuptest" time="0.010" errors="0" timestamp="2025-11-03T16:34:16 IST" skipped="0">
  <testcase classname="testng2.Signuptest" name="Signupbygmail" time="0.008"/>
  <system-out/>
  <testcase classname="testng2.Signuptest" name="Signupbyfacebook" time="0.001"/>
  <system-out/>
  <testcase classname="testng2.Signuptest" name="Signupbyskype" time="0.001"/>
  <system-out/>
</testsuite> <!-- testng2.Signuptest -->
