<?xml version="1.0" encoding="UTF-8"?>
<!-- Generated by org.testng.reporters.JUnitReportReporter -->
<testsuite hostname="DESKTOP-NFH5715" failures="0" tests="5" name="testngpkg1.Dataprovider1" time="4.830" errors="0" timestamp="2025-11-03T16:47:40 IST" skipped="0">
  <testcase classname="testngpkg1.Dataprovider1" name="logintest" time="1.130"/>
  <system-out/>
  <testcase classname="testngpkg1.Dataprovider1" name="logintest" time="0.906"/>
  <system-out/>
  <testcase classname="testngpkg1.Dataprovider1" name="logintest" time="1.429"/>
  <system-out/>
  <testcase classname="testngpkg1.Dataprovider1" name="logintest" time="1.092"/>
  <system-out/>
  <testcase classname="testngpkg1.Dataprovider1" name="logintest" time="0.273"/>
  <system-out/>
</testsuite> <!-- testngpkg1.Dataprovider1 -->
