<?xml version="1.0" encoding="UTF-8"?>
<!-- Generated by org.testng.reporters.JUnitReportReporter -->
<testsuite hostname="DESKTOP-NFH5715" failures="0" tests="3" name="testng2.Logintest" time="0.011" errors="0" timestamp="2025-11-03T16:33:42 IST" skipped="0">
  <testcase classname="testng2.Logintest" name="Loginbygmail" time="0.007"/>
  <system-out/>
  <testcase classname="testng2.Logintest" name="Loginbyfacebook" time="0.001"/>
  <system-out/>
  <testcase classname="testng2.Logintest" name="Loginbyskype" time="0.003"/>
  <system-out/>
</testsuite> <!-- testng2.Logintest -->
