<?xml version="1.0" encoding="UTF-8"?>
<!-- Generated by org.testng.reporters.JUnitReportReporter -->
<testsuite hostname="DESKTOP-NFH5715" failures="0" tests="4" name="testng3.Paralleltesting1" time="11.882" errors="0" timestamp="2025-11-03T17:13:06 IST" skipped="0">
  <testcase classname="testng3.Paralleltesting1" name="setup" time="6.487"/>
  <system-out/>
  <testcase classname="testng3.Paralleltesting1" name="testlogo" time="5.095"/>
  <system-out/>
  <testcase classname="testng3.Paralleltesting1" name="testurl" time="0.008"/>
  <system-out/>
  <testcase classname="testng3.Paralleltesting1" name="close" time="0.292"/>
  <system-out/>
</testsuite> <!-- testng3.Paralleltesting1 -->
